<?xml version="1.0" encoding="UTF-8"?>
<!-- Generated by org.testng.reporters.JUnitReportReporter -->
<testsuite hostname="Lenovo-PC" failures="0" tests="3" name="com.ta.seleniumtest.login.login" time="32.848" errors="0" timestamp="2020-10-03T20:30:14 PDT" skipped="0">
  <testcase classname="com.ta.seleniumtest.login.login" name="loginToWebsite" time="11.851"/>
  <system-out/>
  <testcase classname="com.ta.seleniumtest.login.login" name="loginToWebsite" time="7.346"/>
  <system-out/>
  <testcase classname="com.ta.seleniumtest.login.login" name="loginToWebsite" time="13.651"/>
  <system-out/>
</testsuite> <!-- com.ta.seleniumtest.login.login -->
