<?xml version="1.0" encoding="UTF-8"?>
<!-- Generated by org.testng.reporters.JUnitReportReporter -->
<testsuite hostname="Lenovo-PC" failures="0" tests="1" name="com.ta.seleniumtest.login.Addanotherorg_premiumplan" time="46.183" errors="0" timestamp="2020-10-03T13:44:27 PDT" skipped="0">
  <testcase classname="com.ta.seleniumtest.login.Addanotherorg_premiumplan" name="loginToWebsite" time="46.183"/>
  <system-out/>
</testsuite> <!-- com.ta.seleniumtest.login.Addanotherorg_premiumplan -->
