<?xml version="1.0" encoding="UTF-8"?>
<!-- Generated by org.testng.reporters.JUnitReportReporter -->
<testsuite hostname="Lenovo-PC" failures="0" tests="1" name="com.ta.seleniumtest.login.Accounts" time="18.908" errors="0" timestamp="2020-10-03T14:43:05 PDT" skipped="0">
  <testcase classname="com.ta.seleniumtest.login.Accounts" name="loginToWebsite" time="18.908"/>
  <system-out/>
</testsuite> <!-- com.ta.seleniumtest.login.Accounts -->
